Starting user activity monitoring...
==============================
Currently logged-in users:
bash: /home/ghost-ubuntu/Documents/GitHub/monitoring-101/scripts/monitor_user.sh: Aucun fichier ou dossier de ce nom
ghost-ubuntu seat0        2025-06-19 11:52 (login screen)
ghost-ubuntu tty2         2025-06-19 11:52 (tty2)
bash: /home/ghost-ubuntu/Documents/GitHub/monitoring-101/scripts/monitor_user.sh: Aucun fichier ou dossier de ce nom
------------------------------
Last 20 user sessions:
bash: /home/ghost-ubuntu/Documents/GitHub/monitoring-101/scripts/monitor_user.sh: Aucun fichier ou dossier de ce nom
bash: /home/ghost-ubuntu/Documents/GitHub/monitoring-101/scripts/monitor_user.sh: Aucun fichier ou dossier de ce nom
Starting user activity monitoring...
==============================
Currently logged-in users:
bash: /home/ghost-ubuntu/Documents/GitHub/monitoring-101/scripts/monitor_user.sh: Aucun fichier ou dossier de ce nom
bash: /home/ghost-ubuntu/Documents/GitHub/monitoring-101/scripts/monitor_user.sh: Aucun fichier ou dossier de ce nom
ghost-ubuntu seat0        2025-06-19 11:52 (login screen)
ghost-ubuntu tty2         2025-06-19 11:52 (tty2)
bash: /home/ghost-ubuntu/Documents/GitHub/monitoring-101/scripts/monitor_user.sh: Aucun fichier ou dossier de ce nom
------------------------------
Last 20 user sessions:
Starting user activity monitoring...
==============================
Currently logged-in users:
ghost-ubuntu seat0        2025-06-19 11:52 (login screen)
ghost-ubuntu tty2         2025-06-19 11:52 (tty2)
ghost-ub tty2         tty2             Thu Jun 19 11:52   still logged in
ghost-ub seat0        login screen     Thu Jun 19 11:52   still logged in
reboot   system boot  6.11.0-26-generi Thu Jun 19 11:52   still running
reboot   system boot  6.11.0-26-generi Thu Jun 19 11:51   still running
ghost-ub tty2         tty2             Thu Jun 19 11:49 - crash  (00:01)
ghost-ub seat0        login screen     Thu Jun 19 11:49 - crash  (00:01)
reboot   system boot  6.11.0-26-generi Thu Jun 19 11:49   still running
ghost-ub tty2         tty2             Thu Jun 19 11:41 - down   (00:02)
ghost-ub seat0        login screen     Thu Jun 19 11:41 - down   (00:02)
reboot   system boot  6.11.0-26-generi Thu Jun 19 11:41 - 11:44  (00:02)
ghost-ub tty2         tty2             Thu Jun 19 11:38 - 11:45  (00:06)
ghost-ub seat0        login screen     Thu Jun 19 11:38 - down   (00:06)
reboot   system boot  6.11.0-26-generi Thu Jun 19 11:38 - 11:45  (00:07)
ghost-ub tty2         tty2             Thu Jun 19 11:34 - down   (00:02)
ghost-ub seat0        login screen     Thu Jun 19 11:34 - down   (00:02)
reboot   system boot  6.11.0-26-generi Thu Jun 19 11:34 - 11:37  (00:03)
ghost-ub tty2         tty2             Thu Jun 19 11:16 - down   (00:18)
ghost-ub seat0        login screen     Thu Jun 19 11:16 - down   (00:18)
reboot   system boot  6.11.0-26-generi Thu Jun 19 11:15 - 11:34  (00:18)

wtmp commence Thu Jun 19 11:15:41 2025
------------------------------
Last 20 user sessions:
ghost-ub tty2         tty2             Thu Jun 19 11:52   still logged in
ghost-ub seat0        login screen     Thu Jun 19 11:52   still logged in
reboot   system boot  6.11.0-26-generi Thu Jun 19 11:52   still running
reboot   system boot  6.11.0-26-generi Thu Jun 19 11:51   still running
ghost-ub tty2         tty2             Thu Jun 19 11:49 - crash  (00:01)
ghost-ub seat0        login screen     Thu Jun 19 11:49 - crash  (00:01)
reboot   system boot  6.11.0-26-generi Thu Jun 19 11:49   still running
ghost-ub tty2         tty2             Thu Jun 19 11:41 - down   (00:02)
ghost-ub seat0        login screen     Thu Jun 19 11:41 - down   (00:02)
reboot   system boot  6.11.0-26-generi Thu Jun 19 11:41 - 11:44  (00:02)
ghost-ub tty2         tty2             Thu Jun 19 11:38 - 11:45  (00:06)
ghost-ub seat0        login screen     Thu Jun 19 11:38 - down   (00:06)
reboot   system boot  6.11.0-26-generi Thu Jun 19 11:38 - 11:45  (00:07)
ghost-ub tty2         tty2             Thu Jun 19 11:34 - down   (00:02)
ghost-ub seat0        login screen     Thu Jun 19 11:34 - down   (00:02)
reboot   system boot  6.11.0-26-generi Thu Jun 19 11:34 - 11:37  (00:03)
ghost-ub tty2         tty2             Thu Jun 19 11:16 - down   (00:18)
ghost-ub seat0        login screen     Thu Jun 19 11:16 - down   (00:18)
reboot   system boot  6.11.0-26-generi Thu Jun 19 11:15 - 11:34  (00:18)

wtmp commence Thu Jun 19 11:15:41 2025
------------------------------
Last 20 commands from current user's shell history:
------------------------------
Last 20 commands from current user's shell history:
sudo apt update & sudo apt upgrade
sudo apt update
sudo apt install net-tools lsof ifstat vnstat
ll
cd Documents/
ls
cd GitHub/monitoring-101/scripts/
ls
chmod +x monitor_network.sh
chmod +x monitor_users.sh 
chmod +x send_alerts.sh 
chmod +x setup_cron.sh 
cd ..
ls
chmod +x monitor.sh 
clear
./monitor.sh 
./monitor.sh
chmod +x scripts/setup_cron.sh
./monitor.sh
------------------------------
Recent sudo commands:
sudo apt update & sudo apt upgrade
sudo apt update
sudo apt install net-tools lsof ifstat vnstat
ll
cd Documents/
ls
cd GitHub/monitoring-101/scripts/
ls
chmod +x monitor_network.sh
chmod +x monitor_users.sh 
chmod +x send_alerts.sh 
chmod +x setup_cron.sh 
cd ..
ls
chmod +x monitor.sh 
clear
./monitor.sh 
./monitor.sh
chmod +x scripts/setup_cron.sh
./monitor.sh
------------------------------
Recent sudo commands:
ghost-ub tty2         tty2             Thu Jun 19 11:52   still logged in
ghost-ub seat0        login screen     Thu Jun 19 11:52   still logged in
reboot   system boot  6.11.0-26-generi Thu Jun 19 11:52   still running
reboot   system boot  6.11.0-26-generi Thu Jun 19 11:51   still running
ghost-ub tty2         tty2             Thu Jun 19 11:49 - crash  (00:01)
ghost-ub seat0        login screen     Thu Jun 19 11:49 - crash  (00:01)
reboot   system boot  6.11.0-26-generi Thu Jun 19 11:49   still running
ghost-ub tty2         tty2             Thu Jun 19 11:41 - down   (00:02)
ghost-ub seat0        login screen     Thu Jun 19 11:41 - down   (00:02)
reboot   system boot  6.11.0-26-generi Thu Jun 19 11:41 - 11:44  (00:02)
ghost-ub tty2         tty2             Thu Jun 19 11:38 - 11:45  (00:06)
ghost-ub seat0        login screen     Thu Jun 19 11:38 - down   (00:06)
reboot   system boot  6.11.0-26-generi Thu Jun 19 11:38 - 11:45  (00:07)
ghost-ub tty2         tty2             Thu Jun 19 11:34 - down   (00:02)
ghost-ub seat0        login screen     Thu Jun 19 11:34 - down   (00:02)
reboot   system boot  6.11.0-26-generi Thu Jun 19 11:34 - 11:37  (00:03)
ghost-ub tty2         tty2             Thu Jun 19 11:16 - down   (00:18)
ghost-ub seat0        login screen     Thu Jun 19 11:16 - down   (00:18)
reboot   system boot  6.11.0-26-generi Thu Jun 19 11:15 - 11:34  (00:18)

wtmp commence Thu Jun 19 11:15:41 2025
------------------------------
Last 20 commands from current user's shell history:
2025-06-19T12:15:28.098100+02:00 ghost-ubuntu sudo: ghost-ubuntu : TTY=pts/0 ; PWD=/home/ghost-ubuntu/Téléchargements ; USER=root ; COMMAND=/usr/bin/apt install ./GitHubDesktop-linux-amd64-3.4.13-linux1.deb
2025-06-19T12:16:05.658951+02:00 ghost-ubuntu sudo: ghost-ubuntu : TTY=pts/0 ; PWD=/home/ghost-ubuntu/Téléchargements ; USER=root ; COMMAND=/usr/bin/chmod o+r /home/ghost-ubuntu/Téléchargements/GitHubDesktop-linux-amd64-3.4.13-linux1.deb
2025-06-19T12:16:14.093202+02:00 ghost-ubuntu sudo: ghost-ubuntu : TTY=pts/0 ; PWD=/home/ghost-ubuntu/Téléchargements ; USER=root ; COMMAND=/usr/bin/apt install /home/ghost-ubuntu/Téléchargements/GitHubDesktop-linux-amd64-3.4.13-linux1.deb
2025-06-19T12:18:41.678080+02:00 ghost-ubuntu sudo: ghost-ubuntu : TTY=pts/1 ; PWD=/home/ghost-ubuntu ; USER=root ; COMMAND=/usr/bin/apt-get install git
2025-06-19T12:19:13.596599+02:00 ghost-ubuntu sudo: ghost-ubuntu : TTY=pts/1 ; PWD=/home/ghost-ubuntu ; USER=root ; COMMAND=/usr/bin/apt upgrade
2025-06-19T12:19:13.596779+02:00 ghost-ubuntu sudo: ghost-ubuntu : TTY=pts/1 ; PWD=/home/ghost-ubuntu ; USER=root ; COMMAND=/usr/bin/apt update
2025-06-19T12:22:51.059754+02:00 ghost-ubuntu sudo: ghost-ubuntu : TTY=pts/1 ; PWD=/home/ghost-ubuntu ; USER=root ; COMMAND=/usr/bin/apt update
2025-06-19T12:22:53.122122+02:00 ghost-ubuntu sudo: ghost-ubuntu : TTY=pts/1 ; PWD=/home/ghost-ubuntu ; USER=root ; COMMAND=/usr/bin/apt install net-tools lsof ifstat vnstat
2025-06-19T12:25:05.544090+02:00 ghost-ubuntu sudo: ghost-ubuntu : TTY=pts/1 ; PWD=/home/ghost-ubuntu/Documents/GitHub/monitoring-101 ; USER=root ; COMMAND=/usr/bin/lsof -i -P -n
2025-06-19T12:26:35.924091+02:00 ghost-ubuntu sudo: ghost-ubuntu : TTY=pts/1 ; PWD=/home/ghost-ubuntu/Documents/GitHub/monitoring-101 ; USER=root ; COMMAND=/usr/bin/lsof -i -P -n
------------------------------
Failed login attempts (last 20):
sudo apt update & sudo apt upgrade
sudo apt update
sudo apt install net-tools lsof ifstat vnstat
ll
cd Documents/
ls
cd GitHub/monitoring-101/scripts/
ls
chmod +x monitor_network.sh
chmod +x monitor_users.sh 
chmod +x send_alerts.sh 
chmod +x setup_cron.sh 
cd ..
ls
chmod +x monitor.sh 
clear
./monitor.sh 
./monitor.sh
chmod +x scripts/setup_cron.sh
./monitor.sh
------------------------------
Recent sudo commands:
------------------------------
User monitoring finished.
2025-06-19T12:15:28.098100+02:00 ghost-ubuntu sudo: ghost-ubuntu : TTY=pts/0 ; PWD=/home/ghost-ubuntu/Téléchargements ; USER=root ; COMMAND=/usr/bin/apt install ./GitHubDesktop-linux-amd64-3.4.13-linux1.deb
2025-06-19T12:16:05.658951+02:00 ghost-ubuntu sudo: ghost-ubuntu : TTY=pts/0 ; PWD=/home/ghost-ubuntu/Téléchargements ; USER=root ; COMMAND=/usr/bin/chmod o+r /home/ghost-ubuntu/Téléchargements/GitHubDesktop-linux-amd64-3.4.13-linux1.deb
2025-06-19T12:16:14.093202+02:00 ghost-ubuntu sudo: ghost-ubuntu : TTY=pts/0 ; PWD=/home/ghost-ubuntu/Téléchargements ; USER=root ; COMMAND=/usr/bin/apt install /home/ghost-ubuntu/Téléchargements/GitHubDesktop-linux-amd64-3.4.13-linux1.deb
2025-06-19T12:18:41.678080+02:00 ghost-ubuntu sudo: ghost-ubuntu : TTY=pts/1 ; PWD=/home/ghost-ubuntu ; USER=root ; COMMAND=/usr/bin/apt-get install git
2025-06-19T12:19:13.596599+02:00 ghost-ubuntu sudo: ghost-ubuntu : TTY=pts/1 ; PWD=/home/ghost-ubuntu ; USER=root ; COMMAND=/usr/bin/apt upgrade
2025-06-19T12:19:13.596779+02:00 ghost-ubuntu sudo: ghost-ubuntu : TTY=pts/1 ; PWD=/home/ghost-ubuntu ; USER=root ; COMMAND=/usr/bin/apt update
2025-06-19T12:22:51.059754+02:00 ghost-ubuntu sudo: ghost-ubuntu : TTY=pts/1 ; PWD=/home/ghost-ubuntu ; USER=root ; COMMAND=/usr/bin/apt update
2025-06-19T12:22:53.122122+02:00 ghost-ubuntu sudo: ghost-ubuntu : TTY=pts/1 ; PWD=/home/ghost-ubuntu ; USER=root ; COMMAND=/usr/bin/apt install net-tools lsof ifstat vnstat
2025-06-19T12:25:05.544090+02:00 ghost-ubuntu sudo: ghost-ubuntu : TTY=pts/1 ; PWD=/home/ghost-ubuntu/Documents/GitHub/monitoring-101 ; USER=root ; COMMAND=/usr/bin/lsof -i -P -n
2025-06-19T12:26:35.924091+02:00 ghost-ubuntu sudo: ghost-ubuntu : TTY=pts/1 ; PWD=/home/ghost-ubuntu/Documents/GitHub/monitoring-101 ; USER=root ; COMMAND=/usr/bin/lsof -i -P -n
------------------------------
Failed login attempts (last 20):
2025-06-19T12:15:28.098100+02:00 ghost-ubuntu sudo: ghost-ubuntu : TTY=pts/0 ; PWD=/home/ghost-ubuntu/Téléchargements ; USER=root ; COMMAND=/usr/bin/apt install ./GitHubDesktop-linux-amd64-3.4.13-linux1.deb
2025-06-19T12:16:05.658951+02:00 ghost-ubuntu sudo: ghost-ubuntu : TTY=pts/0 ; PWD=/home/ghost-ubuntu/Téléchargements ; USER=root ; COMMAND=/usr/bin/chmod o+r /home/ghost-ubuntu/Téléchargements/GitHubDesktop-linux-amd64-3.4.13-linux1.deb
2025-06-19T12:16:14.093202+02:00 ghost-ubuntu sudo: ghost-ubuntu : TTY=pts/0 ; PWD=/home/ghost-ubuntu/Téléchargements ; USER=root ; COMMAND=/usr/bin/apt install /home/ghost-ubuntu/Téléchargements/GitHubDesktop-linux-amd64-3.4.13-linux1.deb
2025-06-19T12:18:41.678080+02:00 ghost-ubuntu sudo: ghost-ubuntu : TTY=pts/1 ; PWD=/home/ghost-ubuntu ; USER=root ; COMMAND=/usr/bin/apt-get install git
2025-06-19T12:19:13.596599+02:00 ghost-ubuntu sudo: ghost-ubuntu : TTY=pts/1 ; PWD=/home/ghost-ubuntu ; USER=root ; COMMAND=/usr/bin/apt upgrade
2025-06-19T12:19:13.596779+02:00 ghost-ubuntu sudo: ghost-ubuntu : TTY=pts/1 ; PWD=/home/ghost-ubuntu ; USER=root ; COMMAND=/usr/bin/apt update
2025-06-19T12:22:51.059754+02:00 ghost-ubuntu sudo: ghost-ubuntu : TTY=pts/1 ; PWD=/home/ghost-ubuntu ; USER=root ; COMMAND=/usr/bin/apt update
2025-06-19T12:22:53.122122+02:00 ghost-ubuntu sudo: ghost-ubuntu : TTY=pts/1 ; PWD=/home/ghost-ubuntu ; USER=root ; COMMAND=/usr/bin/apt install net-tools lsof ifstat vnstat
2025-06-19T12:25:05.544090+02:00 ghost-ubuntu sudo: ghost-ubuntu : TTY=pts/1 ; PWD=/home/ghost-ubuntu/Documents/GitHub/monitoring-101 ; USER=root ; COMMAND=/usr/bin/lsof -i -P -n
2025-06-19T12:26:35.924091+02:00 ghost-ubuntu sudo: ghost-ubuntu : TTY=pts/1 ; PWD=/home/ghost-ubuntu/Documents/GitHub/monitoring-101 ; USER=root ; COMMAND=/usr/bin/lsof -i -P -n
------------------------------
Failed login attempts (last 20):
------------------------------
User monitoring finished.
------------------------------
User monitoring finished.
